[2019-06-29 17:05:01,983]   INFO - tbrains.buildServer.ACTIVITIES - Server Started
[2019-06-29 17:05:37,973]   INFO - tbrains.buildServer.ACTIVITIES - New user created: 'admin' {id=1}
[2019-06-30 03:11:48,436]   INFO - tbrains.buildServer.ACTIVITIES - Server Started
[2019-06-30 03:35:10,961]   INFO - tbrains.buildServer.ACTIVITIES - Shutdown Spring components
[2019-06-30 03:35:14,580]   INFO - tbrains.buildServer.ACTIVITIES - Spring components are shut down
[2019-06-30 03:36:03,588]   INFO - tbrains.buildServer.ACTIVITIES - Server Started
[2019-06-30 04:03:30,659]   INFO - tbrains.buildServer.ACTIVITIES - Shutdown Spring components
[2019-06-30 04:03:33,354]   INFO - tbrains.buildServer.ACTIVITIES - Spring components are shut down
[2019-06-30 04:04:36,845]   INFO - tbrains.buildServer.ACTIVITIES - Server Started
[2019-06-30 04:11:31,248]   INFO - tbrains.buildServer.ACTIVITIES - Shutdown Spring components
[2019-06-30 04:11:33,934]   INFO - tbrains.buildServer.ACTIVITIES - Spring components are shut down
[2019-06-30 04:12:46,355]   INFO - tbrains.buildServer.ACTIVITIES - Server Started
[2019-06-30 04:16:07,689]   INFO - tbrains.buildServer.ACTIVITIES - Shutdown Spring components
[2019-06-30 04:16:10,007]   INFO - tbrains.buildServer.ACTIVITIES - Spring components are shut down
[2019-06-30 04:17:11,754]   INFO - tbrains.buildServer.ACTIVITIES - Server Started
[2019-06-30 04:20:33,336]   INFO - tbrains.buildServer.ACTIVITIES - Shutdown Spring components
[2019-06-30 04:20:35,422]   INFO - tbrains.buildServer.ACTIVITIES - Spring components are shut down
[2019-06-30 04:21:31,284]   INFO - tbrains.buildServer.ACTIVITIES - Server Started
[2019-06-30 04:24:42,134]   INFO - tbrains.buildServer.ACTIVITIES - Shutdown Spring components
[2019-06-30 04:24:44,398]   INFO - tbrains.buildServer.ACTIVITIES - Spring components are shut down
[2019-06-30 04:25:52,759]   INFO - tbrains.buildServer.ACTIVITIES - Server Started
[2019-06-30 04:39:46,520]   INFO - tbrains.buildServer.ACTIVITIES - Shutdown Spring components
[2019-06-30 04:39:48,691]   INFO - tbrains.buildServer.ACTIVITIES - Spring components are shut down
[2019-06-30 04:40:52,830]   INFO - tbrains.buildServer.ACTIVITIES - Server Started
[2019-06-30 04:44:57,632]   INFO - tbrains.buildServer.ACTIVITIES - Shutdown Spring components
[2019-06-30 04:44:59,539]   INFO - tbrains.buildServer.ACTIVITIES - Spring components are shut down
[2019-06-30 04:45:58,609]   INFO - tbrains.buildServer.ACTIVITIES - Server Started
[2019-06-30 07:31:48,684]   INFO - tbrains.buildServer.ACTIVITIES - Shutdown Spring components
[2019-06-30 07:31:53,815]   INFO - tbrains.buildServer.ACTIVITIES - Spring components are shut down
[2019-06-30 08:16:52,058]   INFO - tbrains.buildServer.ACTIVITIES - Server Started
[2019-06-30 08:20:08,073]   INFO - tbrains.buildServer.ACTIVITIES - Shutdown Spring components
[2019-06-30 08:20:13,341]   INFO - tbrains.buildServer.ACTIVITIES - Spring components are shut down
[2019-06-30 08:21:11,417]   INFO - tbrains.buildServer.ACTIVITIES - Server Started
[2019-06-30 08:23:46,119]   INFO - tbrains.buildServer.ACTIVITIES - New user created: 'devops' {id=1}
[2019-06-30 08:27:47,441]   INFO - tbrains.buildServer.ACTIVITIES - Shutdown Spring components
[2019-06-30 08:27:50,078]   INFO - tbrains.buildServer.ACTIVITIES - Spring components are shut down
[2019-06-30 08:58:20,516]   INFO - tbrains.buildServer.ACTIVITIES - Server Started
[2019-06-30 08:59:03,385]   INFO - tbrains.buildServer.ACTIVITIES - New user created: 'devops' {id=1}
[2019-06-30 10:02:23,410]   INFO - tbrains.buildServer.ACTIVITIES - Shutdown Spring components
