[2019-06-29 16:56:58,661]   INFO -  jetbrains.buildServer.STARTUP - Path to the startup configuration file: /opt/teamcity/bin/../conf/teamcity-startup.properties
[2019-06-29 16:56:59,662]   INFO -   jetbrains.buildServer.SERVER - Using logs directory "/opt/teamcity/logs"
[2019-06-29 16:56:59,739]   INFO -  jetbrains.buildServer.STARTUP - 






[2019-06-29 16:56:59,740]   INFO -  jetbrains.buildServer.STARTUP - ===========================================================
[2019-06-29 16:56:59,740]   INFO -  jetbrains.buildServer.STARTUP - Starting TeamCity server
[2019-06-29 16:57:00,250]   INFO -  jetbrains.buildServer.STARTUP - TeamCity version: 2019.1.1 (build 66192), data format version 898
[2019-06-29 16:57:00,255]   INFO -  jetbrains.buildServer.STARTUP - OS: Linux, version 4.18.0-25-generic, amd64, Current user: root, Time zone: GMT (UTC)
[2019-06-29 16:57:00,255]   INFO -  jetbrains.buildServer.STARTUP - Java: 1.8.0_192, OpenJDK 64-Bit Server VM (25.192-b12, mixed mode), OpenJDK Runtime Environment (1.8.0_192-b12), Oracle Corporation; JVM parameters: -XX:+UnlockExperimentalVMOptions -XX:+UseCGroupMemoryLimitForHeap -Djava.util.logging.config.file=/opt/teamcity/conf/logging.properties -Djava.util.logging.manager=org.apache.juli.ClassLoaderLogManager -Djdk.tls.ephemeralDHKeySize=2048 -Djava.protocol.handler.pkgs=org.apache.catalina.webresources -Dorg.apache.catalina.security.SecurityListener.UMASK=0027 -Xmx512m -Dteamcity.configuration.path=../conf/teamcity-startup.properties -Dlog4j.configuration=file:/opt/teamcity/bin/../conf/teamcity-server-log4j.xml -Dteamcity_logs=/opt/teamcity/bin/../logs -Djava.awt.headless=true -Dignore.endorsed.dirs= -Dcatalina.base=/opt/teamcity -Dcatalina.home=/opt/teamcity -Djava.io.tmpdir=/opt/teamcity/temp
[2019-06-29 16:57:00,256]   INFO -  jetbrains.buildServer.STARTUP - Garbage collection: PS Scavenge, PS MarkSweep
[2019-06-29 16:57:00,256]   INFO -  jetbrains.buildServer.STARTUP - Web server version: Apache Tomcat/8.5.40
[2019-06-29 16:57:00,256]   INFO -  jetbrains.buildServer.STARTUP - Server IP address: 10.11.1.5
[2019-06-29 16:57:00,258]   INFO -  jetbrains.buildServer.STARTUP - Web server ports: 8111 (protocol: HTTP/1.1, scheme: http), 8105 (shutdown port)
[2019-06-29 16:57:00,258]   INFO -  jetbrains.buildServer.STARTUP - Context path: "/", servlet real path: "/opt/teamcity/webapps/ROOT"
[2019-06-29 16:57:00,269]   INFO -  jetbrains.buildServer.STARTUP - TeamCity distribution type: docker-ubuntu
[2019-06-29 16:57:00,269]   INFO -  jetbrains.buildServer.STARTUP - TeamCity server node id: MAIN_SERVER
[2019-06-29 16:57:00,273]   INFO -  jetbrains.buildServer.STARTUP - Version file lock was successfully obtained: /opt/teamcity/webapps/ROOT/BUILD_66192
[2019-06-29 16:57:00,288]   INFO -  jetbrains.buildServer.STARTUP - Current stage: Looking for the TeamCity Data Directory
[2019-06-29 16:57:00,288]   INFO -  jetbrains.buildServer.STARTUP - The TeamCity Data Directory path is determined using the environment variable TEAMCITY_DATA_PATH
[2019-06-29 16:57:00,292]   INFO -  jetbrains.buildServer.STARTUP - The TeamCity Data Directory "/data/teamcity_server/datadir" exists
[2019-06-29 16:57:00,294]   INFO -  jetbrains.buildServer.STARTUP - The main configuration file "/data/teamcity_server/datadir/config/main-config.xml" exists
[2019-06-29 16:57:00,295]   INFO -  jetbrains.buildServer.STARTUP - The database properties file "/data/teamcity_server/datadir/config/database.properties" exists
[2019-06-29 16:57:00,295]   INFO -  jetbrains.buildServer.STARTUP - The internal database data file "/data/teamcity_server/datadir/system/buildserver.data" doesn't exist
[2019-06-29 16:57:00,303]   INFO -  jetbrains.buildServer.STARTUP - Data Directory version: 898
[2019-06-29 16:57:00,303]   INFO -  jetbrains.buildServer.STARTUP - Current stage: Looking for the database configuration
[2019-06-29 16:57:00,304]   INFO -  jetbrains.buildServer.STARTUP - Database properties file "/data/teamcity_server/datadir/config/database.properties" exists
[2019-06-29 16:57:00,304]   INFO -  jetbrains.buildServer.STARTUP - Internal HSQL database file (/data/teamcity_server/datadir/system/buildserver.data) doesn't exist
[2019-06-29 16:57:00,304]   INFO -  jetbrains.buildServer.STARTUP - Database connection URL: jdbc:postgresql://10.11.1.6/teamcitydb
[2019-06-29 16:57:00,305]   INFO -  jetbrains.buildServer.STARTUP - Using database connection URL from the database properties file. The URL is: jdbc:postgresql://10.11.1.6/teamcitydb
[2019-06-29 16:57:00,305]   INFO -  jetbrains.buildServer.STARTUP - Using external (POSTGRESQL) database
[2019-06-29 16:57:00,305]   INFO -  jetbrains.buildServer.STARTUP - Current stage: Connecting to the database
[2019-06-29 16:57:00,307]   INFO -  jetbrains.buildServer.STARTUP - JDBC loader: loading JDBC drivers (for the first time)
[2019-06-29 16:57:00,426]   INFO -  jetbrains.buildServer.STARTUP - Effective database connection properties:
[2019-06-29 16:57:00,426]   INFO -  jetbrains.buildServer.STARTUP - 	ApplicationName=TeamCity [defaults]
[2019-06-29 16:57:00,426]   INFO -  jetbrains.buildServer.STARTUP - 	autosave=conservative [defaults]
[2019-06-29 16:57:00,886]   WARN -  jetbrains.buildServer.STARTUP - Database connection error: jetbrains.buildServer.serverSide.db.DatabaseIsNotReachableException: Could not connect to PostgreSQL server.
connection to 10.11.1.6:5432 refused. check that the hostname and port are correct and that the postmaster is accepting tcp/ip connections.: org.postgresql.util.PSQLException: Connection to 10.11.1.6:5432 refused. Check that the hostname and port are correct and that the postmaster is accepting TCP/IP connections. Caused by: java.net.ConnectException: Connection refused (Connection refused) (enable debug to see stacktrace)
[2019-06-29 16:57:00,886]   INFO -  jetbrains.buildServer.STARTUP - Could not reach the database, it may be the database server is not started yet or connection properties are not valid.
[2019-06-29 16:57:00,886]   INFO -  jetbrains.buildServer.STARTUP - Current stage: Continuing attempts to connect to the database
[2019-06-29 16:57:00,886]   INFO -  jetbrains.buildServer.STARTUP - Administrator can login from web UI using super user authentication token
[2019-06-29 16:57:00,886]   INFO -   jetbrains.buildServer.SERVER - Super user authentication token: 6483127096253220201 (use empty username with the token as the password to access the server)
[2019-06-29 16:57:52,685]   INFO -  jetbrains.buildServer.STARTUP - Database character set: UTF8
[2019-06-29 16:57:52,685]   INFO -  jetbrains.buildServer.STARTUP - Database collation: en_US.utf8
[2019-06-29 16:57:52,839]   INFO -  jetbrains.buildServer.STARTUP - JDBC driver version: 42.2 (PostgreSQL JDBC Driver)
[2019-06-29 16:57:52,839]   INFO -  jetbrains.buildServer.STARTUP - Database system version: 11.4 (PostgreSQL)
[2019-06-29 16:57:52,839]   INFO -  jetbrains.buildServer.STARTUP - Connected to the database successfully
[2019-06-29 16:57:52,839]   INFO -  jetbrains.buildServer.STARTUP - Connected successfully (from the 6 attempt)
[2019-06-29 16:57:52,839]   INFO -  jetbrains.buildServer.STARTUP - Current stage: Checking the database
[2019-06-29 16:57:53,514]   INFO -  jetbrains.buildServer.STARTUP - Using schema: public
[2019-06-29 16:57:53,520]   INFO -  jetbrains.buildServer.STARTUP - Schema contains no tables.
[2019-06-29 16:57:53,523]   INFO -  jetbrains.buildServer.STARTUP - Current stage: Database is empty or doesn't exist (administrator login is required to proceed)
[2019-06-29 16:57:53,523]   INFO -  jetbrains.buildServer.STARTUP - Administrator can login from web UI using super user authentication token
[2019-06-29 16:57:53,523]   INFO -   jetbrains.buildServer.SERVER - Super user authentication token: 6483127096253220201 (use empty username with the token as the password to access the server)
[2019-06-29 17:00:48,754]   INFO -  jetbrains.buildServer.STARTUP - Server shutdown event received
[2019-06-29 17:00:48,754]   INFO -  jetbrains.buildServer.STARTUP - Current stage: TeamCity server is shutting down
[2019-06-29 17:00:48,754]   INFO -  jetbrains.buildServer.STARTUP - Stopping the main application
[2019-06-29 17:00:48,754]   INFO -  jetbrains.buildServer.STARTUP - The main servlet is not initialized, nothing to shut down.
[2019-06-29 17:00:48,761]   INFO -  jetbrains.buildServer.STARTUP - Version file lock was released: /opt/teamcity/webapps/ROOT/BUILD_66192
[2019-06-29 17:00:48,762]   INFO -  jetbrains.buildServer.STARTUP - Server shutdown complete. Uptime was 3m:48s
[2019-06-29 17:00:58,997]   INFO -  jetbrains.buildServer.STARTUP - Path to the startup configuration file: /opt/teamcity/bin/../conf/teamcity-startup.properties
[2019-06-29 17:00:59,016]   INFO -   jetbrains.buildServer.SERVER - Using logs directory "/opt/teamcity/logs"
[2019-06-29 17:00:59,056]   INFO -  jetbrains.buildServer.STARTUP - 






[2019-06-29 17:00:59,056]   INFO -  jetbrains.buildServer.STARTUP - ===========================================================
[2019-06-29 17:00:59,056]   INFO -  jetbrains.buildServer.STARTUP - Starting TeamCity server
[2019-06-29 17:00:59,312]   INFO -  jetbrains.buildServer.STARTUP - TeamCity version: 2019.1.1 (build 66192), data format version 898
[2019-06-29 17:00:59,316]   INFO -  jetbrains.buildServer.STARTUP - OS: Linux, version 4.18.0-25-generic, amd64, Current user: root, Time zone: GMT (UTC)
[2019-06-29 17:00:59,316]   INFO -  jetbrains.buildServer.STARTUP - Java: 1.8.0_192, OpenJDK 64-Bit Server VM (25.192-b12, mixed mode), OpenJDK Runtime Environment (1.8.0_192-b12), Oracle Corporation; JVM parameters: -XX:+UnlockExperimentalVMOptions -XX:+UseCGroupMemoryLimitForHeap -Djava.util.logging.config.file=/opt/teamcity/conf/logging.properties -Djava.util.logging.manager=org.apache.juli.ClassLoaderLogManager -Djdk.tls.ephemeralDHKeySize=2048 -Djava.protocol.handler.pkgs=org.apache.catalina.webresources -Dorg.apache.catalina.security.SecurityListener.UMASK=0027 -Xmx512m -Dteamcity.configuration.path=../conf/teamcity-startup.properties -Dlog4j.configuration=file:/opt/teamcity/bin/../conf/teamcity-server-log4j.xml -Dteamcity_logs=/opt/teamcity/bin/../logs -Djava.awt.headless=true -Dignore.endorsed.dirs= -Dcatalina.base=/opt/teamcity -Dcatalina.home=/opt/teamcity -Djava.io.tmpdir=/opt/teamcity/temp
[2019-06-29 17:00:59,316]   INFO -  jetbrains.buildServer.STARTUP - Garbage collection: PS Scavenge, PS MarkSweep
[2019-06-29 17:00:59,317]   INFO -  jetbrains.buildServer.STARTUP - Web server version: Apache Tomcat/8.5.40
[2019-06-29 17:00:59,317]   INFO -  jetbrains.buildServer.STARTUP - Server IP address: 10.11.1.5
[2019-06-29 17:00:59,319]   INFO -  jetbrains.buildServer.STARTUP - Web server ports: 8111 (protocol: HTTP/1.1, scheme: http), 8105 (shutdown port)
[2019-06-29 17:00:59,320]   INFO -  jetbrains.buildServer.STARTUP - Context path: "/", servlet real path: "/opt/teamcity/webapps/ROOT"
[2019-06-29 17:00:59,326]   INFO -  jetbrains.buildServer.STARTUP - TeamCity distribution type: docker-ubuntu
[2019-06-29 17:00:59,326]   INFO -  jetbrains.buildServer.STARTUP - TeamCity server node id: MAIN_SERVER
[2019-06-29 17:00:59,328]   INFO -  jetbrains.buildServer.STARTUP - Version file lock was successfully obtained: /opt/teamcity/webapps/ROOT/BUILD_66192
[2019-06-29 17:00:59,335]   INFO -  jetbrains.buildServer.STARTUP - Current stage: Looking for the TeamCity Data Directory
[2019-06-29 17:00:59,335]   INFO -  jetbrains.buildServer.STARTUP - The TeamCity Data Directory path is determined using the environment variable TEAMCITY_DATA_PATH
[2019-06-29 17:00:59,340]   INFO -  jetbrains.buildServer.STARTUP - The TeamCity Data Directory "/data/teamcity_server/datadir" exists
[2019-06-29 17:00:59,342]   INFO -  jetbrains.buildServer.STARTUP - The main configuration file "/data/teamcity_server/datadir/config/main-config.xml" exists
[2019-06-29 17:00:59,342]   INFO -  jetbrains.buildServer.STARTUP - The database properties file "/data/teamcity_server/datadir/config/database.properties" exists
[2019-06-29 17:00:59,342]   INFO -  jetbrains.buildServer.STARTUP - The internal database data file "/data/teamcity_server/datadir/system/buildserver.data" doesn't exist
[2019-06-29 17:00:59,346]   INFO -  jetbrains.buildServer.STARTUP - Data Directory version: 898
[2019-06-29 17:00:59,346]   INFO -  jetbrains.buildServer.STARTUP - Current stage: Looking for the database configuration
[2019-06-29 17:00:59,347]   INFO -  jetbrains.buildServer.STARTUP - Database properties file "/data/teamcity_server/datadir/config/database.properties" exists
[2019-06-29 17:00:59,347]   INFO -  jetbrains.buildServer.STARTUP - Internal HSQL database file (/data/teamcity_server/datadir/system/buildserver.data) doesn't exist
[2019-06-29 17:00:59,347]   INFO -  jetbrains.buildServer.STARTUP - Database connection URL: jdbc:postgresql://10.11.1.6/teamcitydb
[2019-06-29 17:00:59,347]   INFO -  jetbrains.buildServer.STARTUP - Using database connection URL from the database properties file. The URL is: jdbc:postgresql://10.11.1.6/teamcitydb
[2019-06-29 17:00:59,348]   INFO -  jetbrains.buildServer.STARTUP - Using external (POSTGRESQL) database
[2019-06-29 17:00:59,348]   INFO -  jetbrains.buildServer.STARTUP - Current stage: Connecting to the database
[2019-06-29 17:00:59,350]   INFO -  jetbrains.buildServer.STARTUP - JDBC loader: loading JDBC drivers (for the first time)
[2019-06-29 17:00:59,391]   INFO -  jetbrains.buildServer.STARTUP - Effective database connection properties:
[2019-06-29 17:00:59,391]   INFO -  jetbrains.buildServer.STARTUP - 	ApplicationName=TeamCity [defaults]
[2019-06-29 17:00:59,391]   INFO -  jetbrains.buildServer.STARTUP - 	autosave=conservative [defaults]
[2019-06-29 17:00:59,486]   INFO -  jetbrains.buildServer.STARTUP - Database character set: UTF8
[2019-06-29 17:00:59,486]   INFO -  jetbrains.buildServer.STARTUP - Database collation: en_US.utf8
[2019-06-29 17:00:59,615]   INFO -  jetbrains.buildServer.STARTUP - JDBC driver version: 42.2 (PostgreSQL JDBC Driver)
[2019-06-29 17:00:59,615]   INFO -  jetbrains.buildServer.STARTUP - Database system version: 11.4 (PostgreSQL)
[2019-06-29 17:00:59,615]   INFO -  jetbrains.buildServer.STARTUP - Connected to the database successfully
[2019-06-29 17:00:59,615]   INFO -  jetbrains.buildServer.STARTUP - Current stage: Checking the database
[2019-06-29 17:01:02,838]   INFO -  jetbrains.buildServer.STARTUP - Using schema: public
[2019-06-29 17:01:02,842]   INFO -  jetbrains.buildServer.STARTUP - Schema contains no tables.
[2019-06-29 17:01:02,845]   INFO -  jetbrains.buildServer.STARTUP - Current stage: Database is empty or doesn't exist (administrator login is required to proceed)
[2019-06-29 17:01:02,845]   INFO -  jetbrains.buildServer.STARTUP - Administrator can login from web UI using super user authentication token
[2019-06-29 17:01:02,845]   INFO -   jetbrains.buildServer.SERVER - Super user authentication token: 6589959329688989868 (use empty username with the token as the password to access the server)
[2019-06-29 17:02:07,817]   INFO -  jetbrains.buildServer.STARTUP - Successful authentication token entry from IP address: /10.11.1.1 with request POST '/mnt/do/authenticate?token=6589959329688989868', from client 10.11.1.1:55484, no auth
[2019-06-29 17:02:31,039]   INFO -  jetbrains.buildServer.STARTUP - Current stage: Creating a new database
[2019-06-29 17:02:31,039]   INFO -  jetbrains.buildServer.STARTUP - Creating a new database
[2019-06-29 17:02:31,055]   INFO -  jetbrains.buildServer.STARTUP - Database character set: UTF8
[2019-06-29 17:02:31,055]   INFO -  jetbrains.buildServer.STARTUP - Database collation: en_US.utf8
[2019-06-29 17:02:31,064]   INFO -  jetbrains.buildServer.STARTUP - JDBC driver version: 42.2 (PostgreSQL JDBC Driver)
[2019-06-29 17:02:31,064]   INFO -  jetbrains.buildServer.STARTUP - Database system version: 11.4 (PostgreSQL)
[2019-06-29 17:02:31,064]   INFO -  jetbrains.buildServer.STARTUP - Connected to the database successfully
[2019-06-29 17:02:35,315]   INFO -  jetbrains.buildServer.STARTUP - Using schema: public
[2019-06-29 17:02:35,319]   INFO -  jetbrains.buildServer.STARTUP - Schema contains no tables.
[2019-06-29 17:02:35,322]   INFO -  jetbrains.buildServer.STARTUP - Creating database schema
[2019-06-29 17:03:45,581]   INFO -  jetbrains.buildServer.STARTUP - Using schema: public
[2019-06-29 17:03:45,588]   INFO -  jetbrains.buildServer.STARTUP - Schema contains 134 tables.
[2019-06-29 17:03:45,590]   INFO -  jetbrains.buildServer.STARTUP - Database version is 898
[2019-06-29 17:03:45,614]   INFO - etbrains.buildServer.HEARTBEAT - Attempting to capture the DB lock. My session starting code: 1750304331
[2019-06-29 17:03:45,850]   INFO - etbrains.buildServer.HEARTBEAT - The Heartbeat thread is started.
[2019-06-29 17:03:45,850]   INFO -  jetbrains.buildServer.STARTUP - Current stage: Initializing TeamCity server components
[2019-06-29 17:03:45,907]   INFO -  jetbrains.buildServer.STARTUP - Starting the main application
[2019-06-29 17:03:46,028]   INFO - ebDispatcherApplicationContext - Refreshing TeamCity Root WebApplicationContext: startup date [Sat Jun 29 17:03:46 GMT 2019]; root of context hierarchy
[2019-06-29 17:03:46,110]   INFO - MainTeamCityApplicationContext - Refreshing WebApplicationContext for namespace 'buildServer-servlet': startup date [Sat Jun 29 17:03:46 GMT 2019]; parent: TeamCity Root WebApplicationContext
[2019-06-29 17:03:52,749]   INFO -   jetbrains.buildServer.SERVER - Loading test names index from database...
[2019-06-29 17:03:52,753]   INFO -   jetbrains.buildServer.SERVER - Finished loading test names index in 3ms. Tests in the index: 0
[2019-06-29 17:03:52,800]   INFO -   jetbrains.buildServer.SERVER - Build history cache size is set to 10000 entries
[2019-06-29 17:03:53,212]   INFO -   jetbrains.buildServer.SERVER - Start initializing build durations cache...
[2019-06-29 17:03:53,214]   INFO -   jetbrains.buildServer.SERVER - Finished initializing build durations cache, time spent: 2ms
[2019-06-29 17:03:54,136]   INFO -   jetbrains.buildServer.SERVER - Loading history of VCS changes...
[2019-06-29 17:03:54,167]   INFO -   jetbrains.buildServer.SERVER - Done loading history of VCS changes: 0 changes loaded in 29ms
[2019-06-29 17:03:58,177]   WARN -   jetbrains.buildServer.UPDATE - Auto update is disabled: not supported for the 'docker-ubuntu' distribution.
[2019-06-29 17:04:03,136]   INFO -   jetbrains.buildServer.SERVER - Applying memory thresholds for Memory Usage Monitor: storing 100 last measurements; time between measurements: 3000ms. Thresholds: {TC_TOTAL_MEMORY_USAGE_KEY=90.0, PS Old Gen=90.0}
[2019-06-29 17:04:07,191]   INFO - til.ChildSpringContextLoader$1 - Refreshing SubContext (BuildAgentUpgrade): startup date [Sat Jun 29 17:04:07 GMT 2019]; parent: WebApplicationContext for namespace 'buildServer-servlet'
[2019-06-29 17:04:07,295]   INFO -  jetbrains.buildServer.STARTUP - TeamCity Spring context contains 1534 beans
[2019-06-29 17:04:08,647]   INFO -  jetbrains.buildServer.STARTUP - TeamCity Spring context created in 22s,552ms
[2019-06-29 17:04:08,660]   INFO - ojects.ProjectConfigFilesCache - Looking for all project configuration files in: /data/teamcity_server/datadir/config/projects
[2019-06-29 17:04:08,669]   INFO -   jetbrains.buildServer.SERVER - Start pre-compiling JSP files...
[2019-06-29 17:04:08,671]   INFO - ojects.ProjectConfigFilesCache - Found 2 project configuration files
[2019-06-29 17:04:08,676]   INFO - ojects.ProjectConfigFilesCache - Checking that project configuration files caches are up-to-date...
[2019-06-29 17:04:08,684]   INFO - ojects.ProjectConfigFilesCache - Found 1 projects with out of date configuration files caches
[2019-06-29 17:04:08,684]   INFO - ojects.ProjectConfigFilesCache - Start creating project configuration files caches for 1 projects...
[2019-06-29 17:04:08,709]   INFO - ojects.ProjectConfigFilesCache - Finished creating project configuration files caches for 1 projects
[2019-06-29 17:04:09,046]   INFO - ins.files.ServerPluginUnpacker - Unpacking zipped plugins from '/opt/teamcity/webapps/ROOT/WEB-INF/plugins'  to '/opt/teamcity/webapps/ROOT/WEB-INF/plugins/.unpacked'
[2019-06-29 17:04:13,112]   INFO - ins.files.ServerPluginUnpacker - Unpacking zipped plugins from '/data/teamcity_server/datadir/plugins'  to '/data/teamcity_server/datadir/system/caches/plugins.unpacked'
[2019-06-29 17:04:13,161]   INFO - rver.plugins.PluginManagerImpl - ===========================================================
[2019-06-29 17:04:13,162]   INFO - rver.plugins.PluginManagerImpl - Plugins initialization started...
[2019-06-29 17:04:13,162]   INFO - rver.plugins.PluginManagerImpl - Scanning plugins folders
[2019-06-29 17:04:13,162]   INFO - .plugins.files.JarSearcherBase - Scanning plugin folder: /opt/teamcity/webapps/ROOT/WEB-INF/plugins
[2019-06-29 17:04:14,089]   INFO - .plugins.files.JarSearcherBase - Scanning plugin folder: /data/teamcity_server/datadir/plugins
[2019-06-29 17:04:14,090]   INFO - ins.files.ServerPluginUnpacker - Unpacking zipped plugins from '/data/teamcity_server/datadir/plugins'  to '/data/teamcity_server/datadir/system/caches/plugins.unpacked'
[2019-06-29 17:04:14,155]   INFO - rver.plugins.PluginManagerImpl - Found 98 bundled plugins: [agent-system-info (ver:66192), agent.push (ver:66192), Ant (ver:66192), ant-net-tasks (ver:66192), Apache Ant (ver:66192), artifactsSizeStatistics (ver:66192), bugzilla (ver:66192), buildDurationStatisticsPlugin (ver:66192), clearcase (ver:66192), cloud-amazon (ver:66192), commandLineRunner (ver:66192), commit-status-publisher (ver:66192), configs-dsl (ver:66192), coverage (ver:66192), cvs (ver:66192), data-dir-browse (ver:66192), deploy-runner (ver:66192), docker-support (ver:66192), dotnet-tools (ver:66192), dotnet.cli (ver:66192), dotNetRunners (ver:66192), Duplicator (ver:66192), eclipse-plugin-distributor (ver:66192), email (ver:66192), environment-fetcher (ver:66192), feed (ver:66192), file-content-replacer (ver:66192), flaky-test-detector (ver:66192), FxCop (ver:66192), gant-tool (ver:66192), GAntRunner (ver:66192), golang (ver:66192), gradle-runner (ver:66192), idea-runner-runtime-libs (ver:66192), idea-tool (ver:66192), Inspection (ver:66192), intellij-plugin-distributor (ver:66192), investigations-auto-assigner (ver:66192), Ipr (ver:66192), jabber (ver:66192), Java Crashed detector (ver:66192), java-dowser (ver:66192), jetbrains.git (ver:66192), jira (ver:66192), jps-tool (ver:66192), jvm-update (ver:66192), ldap (ver:66192), Maven2 (ver:66192), mercurial (ver:66192), metarunner (ver:66192), nt-domain-login (ver:66192), nuget (ver:66192), overview-plugin (ver:66192), perfmon (ver:66192), perforce (ver:66192), powershell-runner (ver:66192), priority-queue (ver:66192), pull-requests (ver:66192), queue-pauser (ver:66192), rake-runner (ver:66192), remoteAccess (ver:66192), reset-password (ver:66192), rest-api (ver:66192), rest-api-2017.1 (ver:66192), rest-api-2017.2 (ver:66192), rest-api-6.0 (ver:66192), rest-api-7.0 (ver:66192), rest-api-8.1 (ver:66192), rest-api-9.0 (ver:66192), rest-api-9.1 (ver:66192), rest-api-contrib (ver:66192), rest-api-contrib-2017.1 (ver:66192), rest-api-contrib-2017.2 (ver:66192), rest-api-contrib-9.0 (ver:66192), rest-api-contrib-9.1 (ver:66192), s3-artifact-storage (ver:66192), sbt-runner (ver:66192), searchBuildByNumber (ver:66192), ssh-manager (ver:66192), stacktraces (ver:66192), starteam (ver:66192), svn (ver:66192), swabra (ver:66192), TeamCity.BitBucketIssues (ver:66192), TeamCity.GitHubIssues (ver:66192), TeamCity.SharedResources (ver:66192), tfs (ver:66192), unified-ui (ver:66192), usage-statistics (ver:66192), vault-vcs (ver:66192), visualstudiotest (ver:66192), vs-addin-distributor (ver:66192), vsphere (ver:66192), WindowsTray (ver:66192), WindowsTray-distributor (ver:66192), xcode-runner (ver:66192), xml-report-plugin (ver:66192), youtrack (ver:66192)]
[2019-06-29 17:04:14,439]   INFO - rver.plugins.PluginsCollection - Load shared classloader for 31 plugins [Ant, ant-net-tasks, Apache Ant, artifactsSizeStatistics, buildDurationStatisticsPlugin, clearcase, commandLineRunner, coverage, cvs, email, environment-fetcher, feed, gant-tool, GAntRunner, gradle-runner, intellij-plugin-distributor, jabber, Java Crashed detector, jps-tool, ldap, perfmon, priority-queue, remoteAccess, sbt-runner, searchBuildByNumber, stacktraces, starteam, swabra, WindowsTray, xml-report-plugin, youtrack]
[2019-06-29 17:04:14,515]   INFO - rver.plugins.PluginsCollection - Load standalone classloaders for 67 plugins [agent-system-info, agent.push, bugzilla, cloud-amazon, commit-status-publisher, configs-dsl, data-dir-browse, deploy-runner, docker-support, dotnet-tools, dotnet.cli, dotNetRunners, Duplicator, eclipse-plugin-distributor, file-content-replacer, flaky-test-detector, FxCop, golang, idea-runner-runtime-libs, idea-tool, Inspection, investigations-auto-assigner, Ipr, java-dowser, jetbrains.git, jira, jvm-update, Maven2, mercurial, metarunner, nt-domain-login, nuget, overview-plugin, perforce, powershell-runner, pull-requests, queue-pauser, rake-runner, reset-password, rest-api, rest-api-2017.1, rest-api-2017.2, rest-api-6.0, rest-api-7.0, rest-api-8.1, rest-api-9.0, rest-api-9.1, rest-api-contrib, rest-api-contrib-2017.1, rest-api-contrib-2017.2, rest-api-contrib-9.0, rest-api-contrib-9.1, s3-artifact-storage, ssh-manager, svn, TeamCity.BitBucketIssues, TeamCity.GitHubIssues, TeamCity.SharedResources, tfs, unified-ui, usage-statistics, vault-vcs, visualstudiotest, vs-addin-distributor, vsphere, WindowsTray-distributor, xcode-runner]
[2019-06-29 17:04:28,814]   INFO -   jetbrains.buildServer.SERVER - Restoring flaky tests status from finished builds started after: 2019-06-22 17:04:28.809
[2019-06-29 17:04:37,644]   INFO - e.RemoteMavenServerManagerImpl - Starting external maven service
[2019-06-29 17:04:39,084]   INFO - e.RemoteMavenServerManagerImpl - Remote server is connected.
[2019-06-29 17:04:41,567]   INFO - rver.plugins.PluginManagerImpl - Plugins initialization completed (98 plugins loaded): [agent-system-info (ver:66192), agent.push (ver:66192), Ant (ver:66192), ant-net-tasks (ver:66192), Apache Ant (ver:66192), artifactsSizeStatistics (ver:66192), bugzilla (ver:66192), buildDurationStatisticsPlugin (ver:66192), clearcase (ver:66192), cloud-amazon (ver:66192), commandLineRunner (ver:66192), commit-status-publisher (ver:66192), configs-dsl (ver:66192), coverage (ver:66192), cvs (ver:66192), data-dir-browse (ver:66192), deploy-runner (ver:66192), docker-support (ver:66192), dotnet-tools (ver:66192), dotnet.cli (ver:66192), dotNetRunners (ver:66192), Duplicator (ver:66192), eclipse-plugin-distributor (ver:66192), email (ver:66192), environment-fetcher (ver:66192), feed (ver:66192), file-content-replacer (ver:66192), flaky-test-detector (ver:66192), FxCop (ver:66192), gant-tool (ver:66192), GAntRunner (ver:66192), golang (ver:66192), gradle-runner (ver:66192), idea-runner-runtime-libs (ver:66192), idea-tool (ver:66192), Inspection (ver:66192), intellij-plugin-distributor (ver:66192), investigations-auto-assigner (ver:66192), Ipr (ver:66192), jabber (ver:66192), Java Crashed detector (ver:66192), java-dowser (ver:66192), jetbrains.git (ver:66192), jira (ver:66192), jps-tool (ver:66192), jvm-update (ver:66192), ldap (ver:66192), Maven2 (ver:66192), mercurial (ver:66192), metarunner (ver:66192), nt-domain-login (ver:66192), nuget (ver:66192), overview-plugin (ver:66192), perfmon (ver:66192), perforce (ver:66192), powershell-runner (ver:66192), priority-queue (ver:66192), pull-requests (ver:66192), queue-pauser (ver:66192), rake-runner (ver:66192), remoteAccess (ver:66192), reset-password (ver:66192), rest-api (ver:66192), rest-api-2017.1 (ver:66192), rest-api-2017.2 (ver:66192), rest-api-6.0 (ver:66192), rest-api-7.0 (ver:66192), rest-api-8.1 (ver:66192), rest-api-9.0 (ver:66192), rest-api-9.1 (ver:66192), rest-api-contrib (ver:66192), rest-api-contrib-2017.1 (ver:66192), rest-api-contrib-2017.2 (ver:66192), rest-api-contrib-9.0 (ver:66192), rest-api-contrib-9.1 (ver:66192), s3-artifact-storage (ver:66192), sbt-runner (ver:66192), searchBuildByNumber (ver:66192), ssh-manager (ver:66192), stacktraces (ver:66192), starteam (ver:66192), svn (ver:66192), swabra (ver:66192), TeamCity.BitBucketIssues (ver:66192), TeamCity.GitHubIssues (ver:66192), TeamCity.SharedResources (ver:66192), tfs (ver:66192), unified-ui (ver:66192), usage-statistics (ver:66192), vault-vcs (ver:66192), visualstudiotest (ver:66192), vs-addin-distributor (ver:66192), vsphere (ver:66192), WindowsTray (ver:66192), WindowsTray-distributor (ver:66192), xcode-runner (ver:66192), xml-report-plugin (ver:66192), youtrack (ver:66192)]
[2019-06-29 17:04:41,569]   INFO - rver.plugins.PluginManagerImpl - ===========================================================
[2019-06-29 17:04:41,572]   INFO -   jetbrains.buildServer.SERVER - TeamCity plugins loaded in 32s,537ms
[2019-06-29 17:04:44,820]   INFO -   jetbrains.buildServer.SERVER - Start loading server configuration...
[2019-06-29 17:04:44,918]   INFO -  jetbrains.buildServer.CLEANUP - Max cleanup duration is set to 0 seconds
[2019-06-29 17:04:44,919]   INFO -  jetbrains.buildServer.CLEANUP - Cleanup time has been set to 3:00 daily
[2019-06-29 17:04:44,921]   INFO -  jetbrains.buildServer.CLEANUP - The next cleanup time is 2019-06-30 03:00:00.000
[2019-06-29 17:04:44,921]   INFO -  jetbrains.buildServer.CLEANUP - Cleanup is enabled
[2019-06-29 17:04:45,139]   INFO -   jetbrains.buildServer.SERVER - Parsing 2 configuration files...
[2019-06-29 17:04:45,962]   INFO -   jetbrains.buildServer.SERVER - Loading data from parsed configuration files...
[2019-06-29 17:04:46,742]   INFO - serverSide.impl.BuildQueueImpl - Build queue loaded: 0 builds
[2019-06-29 17:04:46,742]   INFO -   jetbrains.buildServer.SERVER - Server configuration loaded in: 1s,921ms
[2019-06-29 17:04:47,034]   INFO - r.configs.dsl.DslPluginManager - Plugin sources are packed in 255ms
[2019-06-29 17:05:00,762]   INFO -   jetbrains.buildServer.SERVER - TeamCity initialized, server UUID: 30810657-8bb9-4157-b569-6c999abdfbe4, URL: http://localhost:8111
[2019-06-29 17:05:00,762]   INFO -   jetbrains.buildServer.SERVER - TeamCity is running in professional mode
[2019-06-29 17:05:00,763]   INFO - utors.DeferringExecutorService - 0 commands sent to execution
[2019-06-29 17:05:00,763]   INFO - utors.DeferringExecutorService - 0 commands sent to execution
[2019-06-29 17:05:00,813]   INFO - utors.DeferringExecutorService - 4 commands sent to execution
[2019-06-29 17:05:00,832]   INFO - utors.DeferringExecutorService - 3 commands sent to execution
[2019-06-29 17:05:00,832]   INFO - utors.DeferringExecutorService - 0 commands sent to execution
[2019-06-29 17:05:00,832]   INFO - utors.DeferringExecutorService - 0 commands sent to execution
[2019-06-29 17:05:00,844]   INFO -   jetbrains.buildServer.SERVER - Start pre-fetching changes for 0 build configurations...
[2019-06-29 17:05:00,847]   INFO -   jetbrains.buildServer.SERVER - Done pre-fetching changes for 0 build configurations in 3ms
[2019-06-29 17:05:00,848]   INFO -   jetbrains.buildServer.SERVER - Start calculating branches for 0 build configurations...
[2019-06-29 17:05:00,848]   INFO -   jetbrains.buildServer.SERVER - Done calculating branches for 0 build configurations (0 branches found) in < 1ms
[2019-06-29 17:05:00,848]   INFO -   jetbrains.buildServer.SERVER - Start calculating status for 0 build configurations...
[2019-06-29 17:05:00,848]   INFO -   jetbrains.buildServer.SERVER - Done calculating branches for 0 build configurations in < 1ms
[2019-06-29 17:05:00,848]   INFO -   jetbrains.buildServer.SERVER - Start prefetching build statistic metrics for 0 build configurations...
[2019-06-29 17:05:00,852]   INFO -   jetbrains.buildServer.SERVER - Done prefetching build statistic metrics for 0 build configurations in 4ms
[2019-06-29 17:05:01,338]   INFO -   jetbrains.buildServer.SERVER - Super user authentication token: 6589959329688989868 (use empty username with the token as the password to access the server)
[2019-06-29 17:05:01,344]   INFO -   jetbrains.buildServer.SERVER - Start loading test runs for investigations and mutes into cache...
[2019-06-29 17:05:01,349]   INFO - .agent.AgentZipVersionProvider - Build agent distribution '/opt/teamcity/webapps/ROOT/update/buildAgent.zip' state initialized. Last modified: 21.06.2019 09:34:35, size: 19148298
[2019-06-29 17:05:01,388]   INFO - projects.ProjectEventsNotifier - Detected 1 possibly modified projects on disk, will generate projectConfigChanged events for all of them
[2019-06-29 17:05:01,455]   INFO - projects.ProjectEventsNotifier - Adding event 'projectConfigChanged' for project '_Root'
[2019-06-29 17:05:01,391]   INFO -   jetbrains.buildServer.SERVER - Flaky test detector: 0 historical test invocations in 0 builds replayed in < 1ms (sql queries executed in < 1ms); 0 test invocations ignored (0%)
[2019-06-29 17:05:01,461]   INFO -   jetbrains.buildServer.SERVER - Flaky test detector: started processing tests queue. Current deferring tests count: 0
[2019-06-29 17:05:01,461]   INFO -   jetbrains.buildServer.SERVER - Flaky test detector: finished processing deferred tests queue
[2019-06-29 17:05:01,509]   INFO -   jetbrains.buildServer.SERVER - Start loading "failed to start" build configuration errors in background
[2019-06-29 17:05:01,509]   INFO -   jetbrains.buildServer.SERVER - Done loading "failed to start" build configuration errors: loaded 0 problems in < 1ms
[2019-06-29 17:05:01,782]   INFO - .agent.AgentZipVersionProvider - Build agent distribution version is set to 66192, hash=SHA-1KIsF0iSI2dgDmMv3fGXLnHWWWv8=
[2019-06-29 17:05:01,791]   INFO -   jetbrains.buildServer.SERVER - Done loading test runs. Loaded 0 tests in 0 scopes in 444ms, cache size: 0, failed test runs: 0, successful test runs: 0
[2019-06-29 17:05:01,891]   INFO - ority.PriorityClassManagerImpl - Loading priority classes from the configuration file: /data/teamcity_server/datadir/config/build-queue-priorities.xml
[2019-06-29 17:05:01,901]   INFO -   jetbrains.buildServer.SERVER - Ordering strategy changed to jetbrains.buildServer.serverSide.priority.BuildQueuePriorityOrdering
[2019-06-29 17:05:01,971]   INFO - verSide.impl.BuildServerRunner - Start daemons
[2019-06-29 17:05:01,983]   INFO - tbrains.buildServer.ACTIVITIES - Server Started
[2019-06-29 17:05:01,987]   INFO -  jetbrains.buildServer.STARTUP - Startup duration: 4m:02s
[2019-06-29 17:05:01,987]   INFO -  jetbrains.buildServer.STARTUP - Current stage: System is ready
[2019-06-29 17:05:12,460]   INFO - nt.AgentPluginsVersionProvider - State of agent plugin packages is initialized in 10s,670ms: new plugin 'JetBrains.dotCover.CommandLineTools.bundled.zip' file: '/opt/teamcity/webapps/ROOT/WEB-INF/plugins/dotNetRunners/bundled-tools/JetBrains.dotCover.CommandLineTools.bundled.zip', hash: 'SHA-1igbQv/TxFOsx9/jsPiSUtxdC7FY='; new plugin 'agentSystemInfo.zip' file: '/opt/teamcity/webapps/ROOT/WEB-INF/plugins/.unpacked/agentSystemInfo/agent/agentSystemInfo.zip', hash: 'SHA-1vwr+ujm6y2ieC1dLT+g6FiLLAr0='; new plugin 'amazonEC2.zip' file: '/opt/teamcity/webapps/ROOT/WEB-INF/plugins/cloud-amazon/agent/amazonEC2.zip', hash: 'SHA-1AmapbLEDCq6b2D6CZK4ku70KNII='; new plugin 'ant-net-tasks.zip' file: '/opt/teamcity/webapps/ROOT/WEB-INF/plugins/ant-net-tasks/agent/ant-net-tasks.zip', hash: 'SHA-1x1iM7oo38GYfrvsFpt1GrhW9Rw8='; new plugin 'ant.zip' file: '/opt/teamcity/webapps/ROOT/WEB-INF/plugins/ant-tool/agent/ant.zip', hash: 'SHA-1lP0rvaAjl5K7/hEMOePIz9vVGdw='; new plugin 'antPlugin.zip' file: '/opt/teamcity/webapps/ROOT/WEB-INF/plugins/ant/agent/antPlugin.zip', hash: 'SHA-1WbYFAs4qA2RPCZGDMaHfiKGnOn8='; new plugin 'clearcase-agent.zip' file: '/opt/teamcity/webapps/ROOT/WEB-INF/plugins/.unpacked/clearcase/agent/clearcase-agent.zip', hash: 'SHA-1uZNKdJOJrmJIAG4bdD3zDdz90eY='; new plugin 'cloud-vmware-agent.zip' file: '/opt/teamcity/webapps/ROOT/WEB-INF/plugins/.unpacked/cloud-vmware/agent/cloud-vmware-agent.zip', hash: 'SHA-1cQs3zdZD3e3O1wLU6icvNeROXGI='; new plugin 'commandLineRunner.jar' file: '/opt/teamcity/webapps/ROOT/WEB-INF/plugins/commandLineRunner/agent/commandLineRunner.jar', hash: 'SHA-1xck0Xhk5U/nzhp9XBwpgW+zX4rc='; new plugin 'coveragePlugin.zip' file: '/opt/teamcity/webapps/ROOT/WEB-INF/plugins/coverage/agent/coveragePlugin.zip', hash: 'SHA-15jnYXd5H542Ufk7AfXGVZyiMhm4='; new plugin 'crashDetector.zip' file: '/opt/teamcity/webapps/ROOT/WEB-INF/plugins/crash-detector/agent/crashDetector.zip', hash: 'SHA-1aDI1J5lLrb6YxIo3kImboa/IAP4='; new plugin 'cvsAgent.zip' file: '/opt/teamcity/webapps/ROOT/WEB-INF/plugins/cvs-support/agent/cvsAgent.zip', hash: 'SHA-1+kvdFfZN7jPeqZuR3VAy+WghiLg='; new plugin 'deploy-runner-agent.zip' file: '/opt/teamcity/webapps/ROOT/WEB-INF/plugins/.unpacked/deploy-runner/agent/deploy-runner-agent.zip', hash: 'SHA-1l9JXJJHYYzyLczdSz37LFYxRhk0='; new plugin 'docker-support.zip' file: '/opt/teamcity/webapps/ROOT/WEB-INF/plugins/.unpacked/docker-support/agent/docker-support.zip', hash: 'SHA-1OLpNtrhXargmV08cUz2YyD+k1oA='; new plugin 'dotNetPlugin.zip' file: '/opt/teamcity/webapps/ROOT/WEB-INF/plugins/dotNetRunners/agent/dotNetPlugin.zip', hash: 'SHA-1bNmMniB841SKN3CC7E15Gll3yiI='; new plugin 'dotNetRunners.zip' file: '/opt/teamcity/webapps/ROOT/WEB-INF/plugins/dotNetRunners/agent/dotNetRunners.zip', hash: 'SHA-17xE2VWRRv1ZQG/xiMcRH58lpa30='; new plugin 'dotnet-tools-agent.zip' file: '/opt/teamcity/webapps/ROOT/WEB-INF/plugins/.unpacked/dotnet-tools/agent/dotnet-tools-agent.zip', hash: 'SHA-1SljZ8kYWfVF3bCGmGd8Of+BMaFE='; new plugin 'dotnet.cli.zip' file: '/opt/teamcity/webapps/ROOT/WEB-INF/plugins/.unpacked/dotnet.cli/agent/dotnet.cli.zip', hash: 'SHA-11m9yHbGy0tc8/p6q3sbHXrruIR4='; new plugin 'duplicatePlugin.zip' file: '/opt/teamcity/webapps/ROOT/WEB-INF/plugins/Duplicator/agent/duplicatePlugin.zip', hash: 'SHA-1OVQ9o4xWPN/3+Zs6E/GK5OwWa/A='; new plugin 'environment-fetcher-agent.jar' file: '/opt/teamcity/webapps/ROOT/WEB-INF/plugins/environment-fetcher/agent/environment-fetcher-agent.jar', hash: 'SHA-19d0vU3Vt/4UlMt09YuBfgyAxwZQ='; new plugin 'file-content-replacer.zip' file: '/opt/teamcity/webapps/ROOT/WEB-INF/plugins/file-content-replacer/agent/file-content-replacer.zip', hash: 'SHA-1r+xElnk6NijjzaPJTByL/VUgnyA='; new plugin 'fxcop.zip' file: '/opt/teamcity/webapps/ROOT/WEB-INF/plugins/.unpacked/fxcop/agent/fxcop.zip', hash: 'SHA-1pfL7x7ZfM3jTmbXQy+c9g1DNFGA='; new plugin 'gant.zip' file: '/opt/teamcity/webapps/ROOT/WEB-INF/plugins/gant-tool/agent/gant.zip', hash: 'SHA-105Uc9RhNiAaNRBbYoui1CaO0RVk='; new plugin 'gantPlugin.zip' file: '/opt/teamcity/webapps/ROOT/WEB-INF/plugins/gantRunner/agent/gantPlugin.zip', hash: 'SHA-1XeItYSkD9q9jOWtuKgiyQbklFxY='; new plugin 'golang-agent.zip' file: '/opt/teamcity/webapps/ROOT/WEB-INF/plugins/.unpacked/golang/agent/golang-agent.zip', hash: 'SHA-1Mpb3+a47Tciak7acBl+IG1fvXS4='; new plugin 'gradle-runner.zip' file: '/opt/teamcity/webapps/ROOT/WEB-INF/plugins/gradle/agent/gradle-runner.zip', hash: 'SHA-1NtpbIGKg9gI1o+R0+hCFO/kbbjI='; new plugin 'idea-runner-runtime-libs.zip' file: '/opt/teamcity/webapps/ROOT/WEB-INF/plugins/idea-runner-runtime-libs/agent/idea-runner-runtime-libs.zip', hash: 'SHA-1Q6MnEWOROwdWnzuEOYkUKnKy8S0='; new plugin 'idea-runner.zip' file: '/opt/teamcity/webapps/ROOT/WEB-INF/plugins/ipr-runner/agent/idea-runner.zip', hash: 'SHA-1X0NqOSrzq4f7I/XlLFcDCNdbqJA='; new plugin 'idea.zip' file: '/opt/teamcity/webapps/ROOT/WEB-INF/plugins/idea-tool/bundled/idea.zip', hash: 'SHA-1LjxUJGNNMomOlYt+kB3k5LIp7OQ='; new plugin 'inspectionPlugin.zip' file: '/opt/teamcity/webapps/ROOT/WEB-INF/plugins/server-side-inspections/agent/inspectionPlugin.zip', hash: 'SHA-1XWnq0V4KdIsaa2uN4amMEtr+WYA='; new plugin 'jacoco.0.7.5.zip' file: '/opt/teamcity/webapps/ROOT/WEB-INF/plugins/coverage/bundled/jacoco.0.7.5.zip', hash: 'SHA-1RHUo9Ymsvo1ttmy8nW3KAtuU7VE='; new plugin 'jacoco.0.8.2.zip' file: '/opt/teamcity/webapps/ROOT/WEB-INF/plugins/coverage/bundled/jacoco.0.8.2.zip', hash: 'SHA-1aBPUsN5o5sWZsA4DKyXq67z16WY='; new plugin 'jacoco.0.8.4.zip' file: '/opt/teamcity/webapps/ROOT/WEB-INF/plugins/coverage/bundled/jacoco.0.8.4.zip', hash: 'SHA-1mY0Qqq++nh4zlPkfTzK4M3sfJ+g='; new plugin 'java-dowser.zip' file: '/opt/teamcity/webapps/ROOT/WEB-INF/plugins/java-dowser/agent/java-dowser.zip', hash: 'SHA-13T/W/FOIlOEQu/RWb8gxbYxw/FM='; new plugin 'jetbrains.git.zip' file: '/opt/teamcity/webapps/ROOT/WEB-INF/plugins/.unpacked/jetbrains.git/agent/jetbrains.git.zip', hash: 'SHA-17wn8oQye3CLVdslfvtv37jlaVkc='; new plugin 'jetbrains.resharper-clt.bundled.zip' file: '/opt/teamcity/webapps/ROOT/WEB-INF/plugins/.unpacked/dotnet-tools/server/bundled-tool/jetbrains.resharper-clt.bundled.zip', hash: 'SHA-1kE1auYyO0SCgVTkmVUm7/fFQiYk='; new plugin 'jps.zip' file: '/opt/teamcity/webapps/ROOT/WEB-INF/plugins/jps-tool/agent/jps.zip', hash: 'SHA-1cHU1uE8H2SLLYWu7rcjl5e3d684='; new plugin 'junitPlugin.zip' file: '/opt/teamcity/webapps/ROOT/WEB-INF/plugins/ant/agent/junitPlugin.zip', hash: 'SHA-1aaxIbszcNoFoP198Dr2TO0wCBcg='; new plugin 'jvm-update.zip' file: '/opt/teamcity/webapps/ROOT/WEB-INF/plugins/jvm-update/agent/jvm-update.zip', hash: 'SHA-1eK19FHm3eha+dee9L4lFh51IiO0='; new plugin 'maven.zip' file: '/opt/teamcity/webapps/ROOT/WEB-INF/plugins/Maven2/bundled-tools/maven.zip', hash: 'SHA-1Ee7pW7tAl+lySbTlHeh03j4MYnA='; new plugin 'maven3.zip' file: '/opt/teamcity/webapps/ROOT/WEB-INF/plugins/Maven2/bundled-tools/maven3.zip', hash: 'SHA-1845ZzU/KsgD/H19L3RumD/tQ1Ts='; new plugin 'maven3_1.zip' file: '/opt/teamcity/webapps/ROOT/WEB-INF/plugins/Maven2/bundled-tools/maven3_1.zip', hash: 'SHA-1R9/Xpa54rTrLMFwMq9Y5Y+fv58M='; new plugin 'maven3_2.zip' file: '/opt/teamcity/webapps/ROOT/WEB-INF/plugins/Maven2/bundled-tools/maven3_2.zip', hash: 'SHA-1r8xgdi+IQsXECYGscviDEx9RiVY='; new plugin 'maven3_3.zip' file: '/opt/teamcity/webapps/ROOT/WEB-INF/plugins/Maven2/bundled-tools/maven3_3.zip', hash: 'SHA-1S4juRzhfObd7IWKAjSKnCfzJao8='; new plugin 'maven3_5.zip' file: '/opt/teamcity/webapps/ROOT/WEB-INF/plugins/Maven2/bundled-tools/maven3_5.zip', hash: 'SHA-1qg4OnjtuvRNh7L6UtcfxcNBQU2w='; new plugin 'mavenPlugin.zip' file: '/opt/teamcity/webapps/ROOT/WEB-INF/plugins/Maven2/agent/mavenPlugin.zip', hash: 'SHA-1926e4BYPuBX3K8XBWdedvkLUvdw='; new plugin 'mercurial.zip' file: '/opt/teamcity/webapps/ROOT/WEB-INF/plugins/.unpacked/mercurial/agent/mercurial.zip', hash: 'SHA-1b/Gw/tJdekZIG3dB8FFe04EUkN0='; new plugin 'meta-runner.zip' file: '/opt/teamcity/webapps/ROOT/WEB-INF/plugins/meta-runner/agent/meta-runner.zip', hash: 'SHA-1GEmn7dPm80+odg1/AuniPDkdlPM='; new plugin 'nuget-agent.zip' file: '/opt/teamcity/webapps/ROOT/WEB-INF/plugins/.unpacked/dotNetPackagesSupport/agent/nuget-agent.zip', hash: 'SHA-1igNSc1d4StTPq2VivWIfKH9RR4o='; new plugin 'perfmon-agent.zip' file: '/opt/teamcity/webapps/ROOT/WEB-INF/plugins/.unpacked/perfmon/agent/perfmon-agent.zip', hash: 'SHA-1+9luGCveTtxCkRhiU0JQItYVKcI='; new plugin 'perforce-agent.zip' file: '/opt/teamcity/webapps/ROOT/WEB-INF/plugins/perforce/agent/perforce-agent.zip', hash: 'SHA-18a3iAA4SymOTq6vRrJ/mrf+tptk='; new plugin 'powershell-agent.zip' file: '/opt/teamcity/webapps/ROOT/WEB-INF/plugins/.unpacked/powershell/agent/powershell-agent.zip', hash: 'SHA-1McJvx6H7RAQvjFqoJEg4ix5r/q8='; new plugin 'rake-runner.zip' file: '/opt/teamcity/webapps/ROOT/WEB-INF/plugins/.unpacked/rake-runner/agent/rake-runner.zip', hash: 'SHA-1M7lXctq/lyPw3l6TS8VpIzoerNk='; new plugin 'remoteAccess.zip' file: '/opt/teamcity/webapps/ROOT/WEB-INF/plugins/remoteAccess/agent/remoteAccess.zip', hash: 'SHA-11TK50hVFUVHqef0qWg/WTtM+Ytc='; new plugin 's3-artifact-storage-agent.zip' file: '/opt/teamcity/webapps/ROOT/WEB-INF/plugins/.unpacked/s3-artifact-storage/agent/s3-artifact-storage-agent.zip', hash: 'SHA-1gOHqmB8K83etj96DK1wy+2303wc='; new plugin 'sbt-runner-agent.zip' file: '/opt/teamcity/webapps/ROOT/WEB-INF/plugins/.unpacked/sbt-runner/agent/sbt-runner-agent.zip', hash: 'SHA-1q3APT73ku1y4vIcXr3qO1Wot4a4='; new plugin 'ssh-manager.jar' file: '/opt/teamcity/webapps/ROOT/WEB-INF/plugins/ssh-manager/agent/ssh-manager.jar', hash: 'SHA-1nyccEVzLGTmKr12QP91LKJUWqTM='; new plugin 'stacktracesPlugin.zip' file: '/opt/teamcity/webapps/ROOT/WEB-INF/plugins/stacktraces/agent/stacktracesPlugin.zip', hash: 'SHA-1KnMr23333zhvt3YTiNJKsKNQLVc='; new plugin 'svnAgent.zip' file: '/opt/teamcity/webapps/ROOT/WEB-INF/plugins/svn/agent/svnAgent.zip', hash: 'SHA-1tlUctKcTJZm0e94wcshK0EFfxlU='; new plugin 'swabra.zip' file: '/opt/teamcity/webapps/ROOT/WEB-INF/plugins/.unpacked/swabra/agent/swabra.zip', hash: 'SHA-1Vo21MEyfdpeKUF6Ipyf4CvUbVWg='; new plugin 'testNGPlugin.zip' file: '/opt/teamcity/webapps/ROOT/WEB-INF/plugins/ant/agent/testNGPlugin.zip', hash: 'SHA-1I12u79IVnBm0Xu9IeqZounj+6gA='; new plugin 'tfs-agent.zip' file: '/opt/teamcity/webapps/ROOT/WEB-INF/plugins/tfs/agent/tfs-agent.zip', hash: 'SHA-1IhtTRmAy2F2kZaWjeCRcDFaFEcw='; new plugin 'visualstudiotest-agent.zip' file: '/opt/teamcity/webapps/ROOT/WEB-INF/plugins/visualstudiotest/agent/visualstudiotest-agent.zip', hash: 'SHA-1BjNlgeGCMnSb9mKyiHFDng8eHbM='; new plugin 'xcode-runner.zip' file: '/opt/teamcity/webapps/ROOT/WEB-INF/plugins/.unpacked/xcode-runner/agent/xcode-runner.zip', hash: 'SHA-1WpycdEFHQJQ33f/PCNb6mtBvvEs='; new plugin 'xml-report-plugin.zip' file: '/opt/teamcity/webapps/ROOT/WEB-INF/plugins/.unpacked/xml-report-plugin/agent/xml-report-plugin.zip', hash: 'SHA-1YcB7pKRgQCHfGrL9PqjOGyLyRr4='
[2019-06-29 17:05:15,731]   INFO -    jetbrains.buildServer.AGENT - New agent authorization token "86488388f90e1402a9f25895b63ee335" was generated for agent "regular_agent" {id=1}
[2019-06-29 17:05:15,978]   INFO -    jetbrains.buildServer.AGENT - Upgrade of agent "regular_agent" {id=1} has been scheduled, agent version: 66192, plugins signature: NA. Current version: 66192, plugins signature: 66192-md5-0bd0383b0f81f70b96b05a5bd4396d81
[2019-06-29 17:05:16,167]   INFO -    jetbrains.buildServer.AGENT - Agent has been registered: "regular_agent" {id=1, protocol=unidirectional, host=10.11.1.7:9090, agentTypeId=1, pool=Default, registered since 2019-06-29 17:05:15.031}, not running a build
[2019-06-29 17:05:16,171]   INFO - ldServer.AGENT.PollingProtocol - Polling Agent session 'e8zbKQI...' was created, agent: "regular_agent" {id=1}
[2019-06-29 17:05:16,222]   WARN -    jetbrains.buildServer.AGENT - Agent "regular_agent" {id=1} is unauthorized on registration
[2019-06-29 17:05:16,726]   INFO -    jetbrains.buildServer.AGENT - Agent "regular_agent" {id=1} has confirmed upgrade.
[2019-06-29 17:05:16,928]   INFO - ldServer.AGENT.PollingProtocol - Polling Agent session 'e8zbKQI...' was closed, agent: "regular_agent" {id=1}
[2019-06-29 17:05:17,022]   INFO -    jetbrains.buildServer.AGENT - Agent "regular_agent" {id=1} has been unregistered. Reason: Agent has unregistered (will upgrade)
[2019-06-29 17:05:27,164]   INFO -   jetbrains.buildServer.SERVER - JSP pre-compilation failed: http://10.11.1.5:8111/project/_buildsScheduleForm.jspf?jsp_precompile=true after 5 attempts, tried the following URLs: http://10.11.1.5:8111/project/_buildsScheduleForm.jspf?jsp_precompile=true (enable debug for more details)
[2019-06-29 17:05:37,973]   INFO - tbrains.buildServer.ACTIVITIES - New user created: 'admin' {id=1}
[2019-06-29 17:05:37,974]   INFO -   jetbrains.buildServer.SERVER - Start loading cache of build committers...
[2019-06-29 17:05:39,744]   INFO -   jetbrains.buildServer.SERVER - Done loading cache of build committers
[2019-06-29 17:05:44,764]   INFO -   jetbrains.buildServer.SERVER - Loading roles from the configuration file: /data/teamcity_server/datadir/config/roles-config.xml
[2019-06-29 17:06:05,108]   INFO -   jetbrains.buildServer.SERVER - JSP pre-compilation failed: http://10.11.1.5:8111/project/_issueTrackerDisplay.jspf?jsp_precompile=true after 5 attempts, tried the following URLs: http://10.11.1.5:8111/project/_issueTrackerDisplay.jspf?jsp_precompile=true (enable debug for more details)
[2019-06-29 17:06:25,155]   INFO - r.configs.dsl.DslPluginManager - Plugins dsl compiled in 1m:38s,118ms
[2019-06-29 17:06:26,695]   INFO -    jetbrains.buildServer.AGENT - Agent has been registered: "regular_agent" {id=1, protocol=unidirectional, host=10.11.1.7:9090, agentTypeId=1, pool=Default, registered since 2019-06-29 17:06:25.553}, not running a build
[2019-06-29 17:06:26,704]   INFO - ldServer.AGENT.PollingProtocol - Polling Agent session 'JcRnVtj...' was created, agent: "regular_agent" {id=1}
[2019-06-29 17:06:26,781]   WARN -    jetbrains.buildServer.AGENT - Agent "regular_agent" {id=1} is unauthorized on registration
[2019-06-29 17:06:29,922]   INFO -   jetbrains.buildServer.SERVER - JSP pre-compilation finished, pre-compiled 826 files in 2m:21s,252ms
[2019-06-29 17:08:34,880]   INFO - r.configs.dsl.DslPluginManager - DSL documentation (http://localhost:8111/app/dsl-documentation/index.html) generated in 129635ms
