01-Jul-2019 04:17:12.590 INFO [localhost-startStop-1] org.apache.catalina.core.ApplicationContext.log No Spring WebApplicationInitializer types detected on classpath
01-Jul-2019 04:17:13.671 INFO [localhost-startStop-1] org.apache.jasper.servlet.TldScanner.scanJars At least one JAR was scanned for TLDs yet contained no TLDs. Enable debug logging for this logger for a complete list of JARs that were scanned but no TLDs were found in them. Skipping unneeded JARs during scanning can improve startup time and JSP compilation time.
01-Jul-2019 04:17:15.159 WARNING [localhost-startStop-1] org.apache.catalina.util.SessionIdGeneratorBase.createSecureRandom Creation of SecureRandom instance for session ID generation using [SHA1PRNG] took [172] milliseconds.
01-Jul-2019 06:51:38.483 INFO [localhost-startStop-1] org.apache.catalina.core.ApplicationContext.log No Spring WebApplicationInitializer types detected on classpath
01-Jul-2019 06:51:39.613 INFO [localhost-startStop-1] org.apache.jasper.servlet.TldScanner.scanJars At least one JAR was scanned for TLDs yet contained no TLDs. Enable debug logging for this logger for a complete list of JARs that were scanned but no TLDs were found in them. Skipping unneeded JARs during scanning can improve startup time and JSP compilation time.
01-Jul-2019 06:51:41.222 WARNING [localhost-startStop-1] org.apache.catalina.util.SessionIdGeneratorBase.createSecureRandom Creation of SecureRandom instance for session ID generation using [SHA1PRNG] took [122] milliseconds.
01-Jul-2019 06:53:59.063 INFO [TC: 06:53:58 Stage: Initializing TeamCity server components; TeamCity Server (version 2019.1.1 build 66192 started 2019-07-01 06:51:41.760), node id: MAIN_SERVER] org.apache.catalina.core.ApplicationContext.log Initializing Spring FrameworkServlet 'buildServer'
01-Jul-2019 06:55:56.652 INFO [TC: 06:55:50 Initializing Jersey for plugin 'rest-api' via background initial initialization; REST API initializer for plugin 'rest-api' 1] com.sun.jersey.server.impl.application.WebApplicationImpl._initiate Initiating Jersey application, version 'Jersey: 1.19 02/11/2015 03:25 AM'
01-Jul-2019 06:55:56.786 INFO [TC: 06:55:50 Initializing Jersey for plugin 'rest-api-2017.2'; REST API initializer 1] com.sun.jersey.server.impl.application.WebApplicationImpl._initiate Initiating Jersey application, version 'Jersey: 1.19 02/11/2015 03:25 AM'
01-Jul-2019 06:55:56.653 INFO [TC: 06:55:50 Initializing Jersey for plugin 'rest-api-2017.1'; REST API initializer 1] com.sun.jersey.server.impl.application.WebApplicationImpl._initiate Initiating Jersey application, version 'Jersey: 1.19 02/11/2015 03:25 AM'
01-Jul-2019 06:55:58.909 INFO [TC: 06:55:50 Initializing Jersey for plugin 'rest-api-2017.2'; REST API initializer 1] com.sun.jersey.server.impl.application.DeferredResourceConfig$ApplicationHolder.<init> Instantiated the Application class jetbrains.buildServer.server.rest.jersey.ExtensionsAwareResourceConfig
01-Jul-2019 06:55:58.914 INFO [TC: 06:55:50 Initializing Jersey for plugin 'rest-api' via background initial initialization; REST API initializer for plugin 'rest-api' 1] com.sun.jersey.server.impl.application.DeferredResourceConfig$ApplicationHolder.<init> Instantiated the Application class jetbrains.buildServer.server.rest.jersey.ExtensionsAwareResourceConfig
01-Jul-2019 06:55:58.922 INFO [TC: 06:55:50 Initializing Jersey for plugin 'rest-api-2017.1'; REST API initializer 1] com.sun.jersey.server.impl.application.DeferredResourceConfig$ApplicationHolder.<init> Instantiated the Application class jetbrains.buildServer.server.rest.jersey.ExtensionsAwareResourceConfig
01-Jul-2019 06:56:02.101 INFO [TC: 06:55:50 Initializing Jersey for plugin 'rest-api-2017.2'; REST API initializer 1] com.sun.jersey.api.wadl.config.WadlGeneratorLoader.loadWadlGenerator Loading wadlGenerator com.sun.jersey.server.wadl.generators.WadlGeneratorApplicationDoc
01-Jul-2019 06:56:02.104 INFO [TC: 06:55:50 Initializing Jersey for plugin 'rest-api-2017.1'; REST API initializer 1] com.sun.jersey.api.wadl.config.WadlGeneratorLoader.loadWadlGenerator Loading wadlGenerator com.sun.jersey.server.wadl.generators.WadlGeneratorApplicationDoc
01-Jul-2019 06:56:02.216 INFO [TC: 06:55:50 Initializing Jersey for plugin 'rest-api-2017.2'; REST API initializer 1] com.sun.jersey.api.wadl.config.WadlGeneratorLoader.loadWadlGenerator Loading wadlGenerator jetbrains.buildServer.server.rest.jersey.WadlGenerator$PatchedWadlGenerator
01-Jul-2019 06:56:02.217 INFO [TC: 06:55:50 Initializing Jersey for plugin 'rest-api-2017.2'; REST API initializer 1] com.sun.jersey.api.wadl.config.WadlGeneratorLoader.loadWadlGenerator Loading wadlGenerator com.sun.jersey.server.wadl.generators.resourcedoc.WadlGeneratorResourceDocSupport
01-Jul-2019 06:56:02.218 INFO [TC: 06:55:50 Initializing Jersey for plugin 'rest-api-2017.1'; REST API initializer 1] com.sun.jersey.api.wadl.config.WadlGeneratorLoader.loadWadlGenerator Loading wadlGenerator jetbrains.buildServer.server.rest.jersey.WadlGenerator$PatchedWadlGenerator
01-Jul-2019 06:56:02.218 INFO [TC: 06:55:50 Initializing Jersey for plugin 'rest-api-2017.1'; REST API initializer 1] com.sun.jersey.api.wadl.config.WadlGeneratorLoader.loadWadlGenerator Loading wadlGenerator com.sun.jersey.server.wadl.generators.resourcedoc.WadlGeneratorResourceDocSupport
01-Jul-2019 06:56:02.343 INFO [TC: 06:55:50 Initializing Jersey for plugin 'rest-api' via background initial initialization; REST API initializer for plugin 'rest-api' 1] com.sun.jersey.api.wadl.config.WadlGeneratorLoader.loadWadlGenerator Loading wadlGenerator com.sun.jersey.server.wadl.generators.WadlGeneratorApplicationDoc
01-Jul-2019 06:56:02.349 INFO [TC: 06:55:50 Initializing Jersey for plugin 'rest-api' via background initial initialization; REST API initializer for plugin 'rest-api' 1] com.sun.jersey.api.wadl.config.WadlGeneratorLoader.loadWadlGenerator Loading wadlGenerator jetbrains.buildServer.server.rest.jersey.WadlGenerator$PatchedWadlGenerator
01-Jul-2019 06:56:02.349 INFO [TC: 06:55:50 Initializing Jersey for plugin 'rest-api' via background initial initialization; REST API initializer for plugin 'rest-api' 1] com.sun.jersey.api.wadl.config.WadlGeneratorLoader.loadWadlGenerator Loading wadlGenerator com.sun.jersey.server.wadl.generators.resourcedoc.WadlGeneratorResourceDocSupport
01-Jul-2019 07:28:03.090 INFO [TC: 07:28:02 Stage: TeamCity server is shutting down; TeamCity Server (version 2019.1.1 build 66192 started 2019-07-01 06:51:41.760), node id: MAIN_SERVER] org.apache.catalina.core.ApplicationContext.log Destroying Spring FrameworkServlet 'buildServer'
